<?xml version="1.0" encoding="UTF-8"?>
<!-- Generated by org.testng.reporters.JUnitXMLReporter -->
<testsuite hostname="Sandeeps-MacBook-Air.local" name="Test" tests="5" failures="0" timestamp="17 Apr 2019 12:32:39 GMT" time="54.15" errors="0">
  <testcase name="basePageNavigation" time="0.198" classname="MavenE2EDemo.MavenE2EDemo.ValidateText"/>
  <testcase name="basePageNavigation" time="0.125" classname="MavenE2EDemo.MavenE2EDemo.ValidateTitleTest$ValidateText"/>
  <testcase name="testApp" time="0.007" classname="MavenE2EDemo.MavenE2EDemo.AppTest"/>
  <testcase name="basePageNavigation" time="18.361" classname="MavenE2EDemo.MavenE2EDemo.HomePage"/>
  <testcase name="basePageNavigation" time="11.284" classname="MavenE2EDemo.MavenE2EDemo.HomePage"/>
</testsuite> <!-- Test -->
