<?xml version="1.0" encoding="UTF-8"?>
<testng-results skipped="0" failed="0" ignored="0" total="1" passed="1">
  <reporter-output>
  </reporter-output>
  <suite name="Suite" duration-ms="11692" started-at="2019-06-01T00:28:11Z" finished-at="2019-06-01T00:28:22Z">
    <groups>
    </groups>
    <test name="LoginTest" duration-ms="11692" started-at="2019-06-01T00:28:11Z" finished-at="2019-06-01T00:28:22Z">
      <class name="MavenE2EDemo.MavenE2EDemo.ParameterTest">
        <test-method status="PASS" signature="LoginTest(java.lang.String, java.lang.String, java.lang.String)[pri:0, instance:MavenE2EDemo.MavenE2EDemo.ParameterTest@77caeb3e]" name="LoginTest" duration-ms="11644" started-at="2019-06-01T00:28:11Z" finished-at="2019-06-01T00:28:22Z">
          <params>
            <param index="0">
              <value>
                <![CDATA[chrome]]>
              </value>
            </param>
            <param index="1">
              <value>
                <![CDATA[http://www.qaclickacademy.com/]]>
              </value>
            </param>
            <param index="2">
              <value>
                <![CDATA[pummy.jaiswal@gmail.com]]>
              </value>
            </param>
          </params>
          <reporter-output>
          </reporter-output>
        </test-method> <!-- LoginTest -->
      </class> <!-- MavenE2EDemo.MavenE2EDemo.ParameterTest -->
    </test> <!-- LoginTest -->
  </suite> <!-- Suite -->
</testng-results>
